mode: set
github.com/tsh96/gqltest/example/graph/schema.resolvers.go:13.102,15.2 1 1
github.com/tsh96/gqltest/example/graph/schema.resolvers.go:17.75,19.2 1 1
github.com/tsh96/gqltest/example/graph/schema.resolvers.go:22.58,22.89 1 1
github.com/tsh96/gqltest/example/graph/schema.resolvers.go:25.52,25.80 1 1
github.com/tsh96/gqltest/example/graph/generated/generated.go:23.63,29.2 1 1
github.com/tsh96/gqltest/example/graph/generated/generated.go:80.49,82.2 1 1
github.com/tsh96/gqltest/example/graph/generated/generated.go:84.128,87.32 3 0
github.com/tsh96/gqltest/example/graph/generated/generated.go:151.2,151.17 1 0
github.com/tsh96/gqltest/example/graph/generated/generated.go:89.29,90.46 1 0
github.com/tsh96/gqltest/example/graph/generated/generated.go:94.3,95.17 2 0
github.com/tsh96/gqltest/example/graph/generated/generated.go:99.3,99.96 1 0
github.com/tsh96/gqltest/example/graph/generated/generated.go:101.21,102.38 1 0
github.com/tsh96/gqltest/example/graph/generated/generated.go:106.3,106.57 1 0
github.com/tsh96/gqltest/example/graph/generated/generated.go:108.19,109.36 1 0
github.com/tsh96/gqltest/example/graph/generated/generated.go:113.3,113.55 1 0
github.com/tsh96/gqltest/example/graph/generated/generated.go:115.17,116.34 1 0
github.com/tsh96/gqltest/example/graph/generated/generated.go:120.3,120.53 1 0
github.com/tsh96/gqltest/example/graph/generated/generated.go:122.19,123.36 1 0
github.com/tsh96/gqltest/example/graph/generated/generated.go:127.3,127.55 1 0
github.com/tsh96/gqltest/example/graph/generated/generated.go:129.19,130.36 1 0
github.com/tsh96/gqltest/example/graph/generated/generated.go:134.3,134.55 1 0
github.com/tsh96/gqltest/example/graph/generated/generated.go:136.17,137.34 1 0
github.com/tsh96/gqltest/example/graph/generated/generated.go:141.3,141.53 1 0
github.com/tsh96/gqltest/example/graph/generated/generated.go:143.19,144.36 1 0
github.com/tsh96/gqltest/example/graph/generated/generated.go:148.3,148.55 1 0
github.com/tsh96/gqltest/example/graph/generated/generated.go:90.46,91.9 1 0
github.com/tsh96/gqltest/example/graph/generated/generated.go:95.17,97.4 1 0
github.com/tsh96/gqltest/example/graph/generated/generated.go:102.38,103.9 1 0
github.com/tsh96/gqltest/example/graph/generated/generated.go:109.36,110.9 1 0
github.com/tsh96/gqltest/example/graph/generated/generated.go:116.34,117.9 1 0
github.com/tsh96/gqltest/example/graph/generated/generated.go:123.36,124.9 1 0
github.com/tsh96/gqltest/example/graph/generated/generated.go:130.36,131.9 1 0
github.com/tsh96/gqltest/example/graph/generated/generated.go:137.34,138.9 1 0
github.com/tsh96/gqltest/example/graph/generated/generated.go:144.36,145.9 1 0
github.com/tsh96/gqltest/example/graph/generated/generated.go:154.78,159.32 4 1
github.com/tsh96/gqltest/example/graph/generated/generated.go:160.17,161.54 1 1
github.com/tsh96/gqltest/example/graph/generated/generated.go:174.20,175.54 1 1
github.com/tsh96/gqltest/example/graph/generated/generated.go:189.10,190.86 1 0
github.com/tsh96/gqltest/example/graph/generated/generated.go:161.54,162.14 1 1
github.com/tsh96/gqltest/example/graph/generated/generated.go:165.4,172.5 5 1
github.com/tsh96/gqltest/example/graph/generated/generated.go:162.14,164.5 1 0
github.com/tsh96/gqltest/example/graph/generated/generated.go:175.54,176.14 1 1
github.com/tsh96/gqltest/example/graph/generated/generated.go:179.4,186.5 5 1
github.com/tsh96/gqltest/example/graph/generated/generated.go:176.14,178.5 1 0
github.com/tsh96/gqltest/example/graph/generated/generated.go:199.79,200.29 1 0
github.com/tsh96/gqltest/example/graph/generated/generated.go:203.2,203.52 1 0
github.com/tsh96/gqltest/example/graph/generated/generated.go:200.29,202.3 1 0
github.com/tsh96/gqltest/example/graph/generated/generated.go:206.86,207.29 1 0
github.com/tsh96/gqltest/example/graph/generated/generated.go:210.2,210.83 1 0
github.com/tsh96/gqltest/example/graph/generated/generated.go:207.29,209.3 1 0
github.com/tsh96/gqltest/example/graph/generated/generated.go:249.145,253.37 4 1
github.com/tsh96/gqltest/example/graph/generated/generated.go:260.2,261.18 2 1
github.com/tsh96/gqltest/example/graph/generated/generated.go:253.37,256.17 3 1
github.com/tsh96/gqltest/example/graph/generated/generated.go:256.17,258.4 1 0
github.com/tsh96/gqltest/example/graph/generated/generated.go:264.138,268.36 4 0
github.com/tsh96/gqltest/example/graph/generated/generated.go:275.2,276.18 2 0
github.com/tsh96/gqltest/example/graph/generated/generated.go:268.36,271.17 3 0
github.com/tsh96/gqltest/example/graph/generated/generated.go:271.17,273.4 1 0
github.com/tsh96/gqltest/example/graph/generated/generated.go:279.143,283.49 4 0
github.com/tsh96/gqltest/example/graph/generated/generated.go:290.2,291.18 2 0
github.com/tsh96/gqltest/example/graph/generated/generated.go:283.49,286.17 3 0
github.com/tsh96/gqltest/example/graph/generated/generated.go:286.17,288.4 1 0
github.com/tsh96/gqltest/example/graph/generated/generated.go:294.139,298.49 4 0
github.com/tsh96/gqltest/example/graph/generated/generated.go:305.2,306.18 2 0
github.com/tsh96/gqltest/example/graph/generated/generated.go:298.49,301.17 3 0
github.com/tsh96/gqltest/example/graph/generated/generated.go:301.17,303.4 1 0
github.com/tsh96/gqltest/example/graph/generated/generated.go:317.125,318.15 1 1
github.com/tsh96/gqltest/example/graph/generated/generated.go:324.2,335.16 5 1
github.com/tsh96/gqltest/example/graph/generated/generated.go:339.2,340.92 2 1
github.com/tsh96/gqltest/example/graph/generated/generated.go:344.2,344.16 1 1
github.com/tsh96/gqltest/example/graph/generated/generated.go:348.2,348.19 1 1
github.com/tsh96/gqltest/example/graph/generated/generated.go:354.2,356.119 3 1
github.com/tsh96/gqltest/example/graph/generated/generated.go:318.15,319.31 1 1
github.com/tsh96/gqltest/example/graph/generated/generated.go:319.31,322.4 2 0
github.com/tsh96/gqltest/example/graph/generated/generated.go:335.16,338.3 2 0
github.com/tsh96/gqltest/example/graph/generated/generated.go:340.92,343.3 2 1
github.com/tsh96/gqltest/example/graph/generated/generated.go:344.16,347.3 2 0
github.com/tsh96/gqltest/example/graph/generated/generated.go:348.19,349.38 1 0
github.com/tsh96/gqltest/example/graph/generated/generated.go:352.3,352.22 1 0
github.com/tsh96/gqltest/example/graph/generated/generated.go:349.38,351.4 1 0
github.com/tsh96/gqltest/example/graph/generated/generated.go:359.117,360.15 1 1
github.com/tsh96/gqltest/example/graph/generated/generated.go:366.2,375.92 3 1
github.com/tsh96/gqltest/example/graph/generated/generated.go:379.2,379.16 1 1
github.com/tsh96/gqltest/example/graph/generated/generated.go:383.2,383.19 1 1
github.com/tsh96/gqltest/example/graph/generated/generated.go:389.2,391.125 3 1
github.com/tsh96/gqltest/example/graph/generated/generated.go:360.15,361.31 1 1
github.com/tsh96/gqltest/example/graph/generated/generated.go:361.31,364.4 2 0
github.com/tsh96/gqltest/example/graph/generated/generated.go:375.92,378.3 2 1
github.com/tsh96/gqltest/example/graph/generated/generated.go:379.16,382.3 2 0
github.com/tsh96/gqltest/example/graph/generated/generated.go:383.19,384.38 1 0
github.com/tsh96/gqltest/example/graph/generated/generated.go:387.3,387.22 1 0
github.com/tsh96/gqltest/example/graph/generated/generated.go:384.38,386.4 1 0
github.com/tsh96/gqltest/example/graph/generated/generated.go:394.118,395.15 1 0
github.com/tsh96/gqltest/example/graph/generated/generated.go:401.2,412.16 5 0
github.com/tsh96/gqltest/example/graph/generated/generated.go:416.2,417.92 2 0
github.com/tsh96/gqltest/example/graph/generated/generated.go:421.2,421.16 1 0
github.com/tsh96/gqltest/example/graph/generated/generated.go:425.2,425.19 1 0
github.com/tsh96/gqltest/example/graph/generated/generated.go:428.2,430.124 3 0
github.com/tsh96/gqltest/example/graph/generated/generated.go:395.15,396.31 1 0
github.com/tsh96/gqltest/example/graph/generated/generated.go:396.31,399.4 2 0
github.com/tsh96/gqltest/example/graph/generated/generated.go:412.16,415.3 2 0
github.com/tsh96/gqltest/example/graph/generated/generated.go:417.92,420.3 2 0
github.com/tsh96/gqltest/example/graph/generated/generated.go:421.16,424.3 2 0
github.com/tsh96/gqltest/example/graph/generated/generated.go:425.19,427.3 1 0
github.com/tsh96/gqltest/example/graph/generated/generated.go:433.120,434.15 1 0
github.com/tsh96/gqltest/example/graph/generated/generated.go:440.2,449.92 3 0
github.com/tsh96/gqltest/example/graph/generated/generated.go:453.2,453.16 1 0
github.com/tsh96/gqltest/example/graph/generated/generated.go:457.2,457.19 1 0
github.com/tsh96/gqltest/example/graph/generated/generated.go:460.2,462.128 3 0
github.com/tsh96/gqltest/example/graph/generated/generated.go:434.15,435.31 1 0
github.com/tsh96/gqltest/example/graph/generated/generated.go:435.31,438.4 2 0
github.com/tsh96/gqltest/example/graph/generated/generated.go:449.92,452.3 2 0
github.com/tsh96/gqltest/example/graph/generated/generated.go:453.16,456.3 2 0
github.com/tsh96/gqltest/example/graph/generated/generated.go:457.19,459.3 1 0
github.com/tsh96/gqltest/example/graph/generated/generated.go:465.130,466.15 1 0
github.com/tsh96/gqltest/example/graph/generated/generated.go:472.2,481.92 3 0
github.com/tsh96/gqltest/example/graph/generated/generated.go:485.2,485.16 1 0
github.com/tsh96/gqltest/example/graph/generated/generated.go:489.2,489.19 1 0
github.com/tsh96/gqltest/example/graph/generated/generated.go:495.2,497.57 3 0
github.com/tsh96/gqltest/example/graph/generated/generated.go:466.15,467.31 1 0
github.com/tsh96/gqltest/example/graph/generated/generated.go:467.31,470.4 2 0
github.com/tsh96/gqltest/example/graph/generated/generated.go:481.92,484.3 2 0
github.com/tsh96/gqltest/example/graph/generated/generated.go:485.16,488.3 2 0
github.com/tsh96/gqltest/example/graph/generated/generated.go:489.19,490.38 1 0
github.com/tsh96/gqltest/example/graph/generated/generated.go:493.3,493.22 1 0
github.com/tsh96/gqltest/example/graph/generated/generated.go:490.38,492.4 1 0
github.com/tsh96/gqltest/example/graph/generated/generated.go:500.132,501.15 1 1
github.com/tsh96/gqltest/example/graph/generated/generated.go:507.2,516.92 3 1
github.com/tsh96/gqltest/example/graph/generated/generated.go:520.2,520.16 1 1
github.com/tsh96/gqltest/example/graph/generated/generated.go:524.2,524.19 1 1
github.com/tsh96/gqltest/example/graph/generated/generated.go:530.2,532.61 3 1
github.com/tsh96/gqltest/example/graph/generated/generated.go:501.15,502.31 1 1
github.com/tsh96/gqltest/example/graph/generated/generated.go:502.31,505.4 2 0
github.com/tsh96/gqltest/example/graph/generated/generated.go:516.92,519.3 2 1
github.com/tsh96/gqltest/example/graph/generated/generated.go:520.16,523.3 2 0
github.com/tsh96/gqltest/example/graph/generated/generated.go:524.19,525.38 1 0
github.com/tsh96/gqltest/example/graph/generated/generated.go:528.3,528.22 1 0
github.com/tsh96/gqltest/example/graph/generated/generated.go:525.38,527.4 1 0
github.com/tsh96/gqltest/example/graph/generated/generated.go:535.132,536.15 1 1
github.com/tsh96/gqltest/example/graph/generated/generated.go:542.2,551.92 3 1
github.com/tsh96/gqltest/example/graph/generated/generated.go:555.2,555.16 1 1
github.com/tsh96/gqltest/example/graph/generated/generated.go:559.2,559.19 1 1
github.com/tsh96/gqltest/example/graph/generated/generated.go:565.2,567.60 3 1
github.com/tsh96/gqltest/example/graph/generated/generated.go:536.15,537.31 1 1
github.com/tsh96/gqltest/example/graph/generated/generated.go:537.31,540.4 2 0
github.com/tsh96/gqltest/example/graph/generated/generated.go:551.92,554.3 2 1
github.com/tsh96/gqltest/example/graph/generated/generated.go:555.16,558.3 2 0
github.com/tsh96/gqltest/example/graph/generated/generated.go:559.19,560.38 1 0
github.com/tsh96/gqltest/example/graph/generated/generated.go:563.3,563.22 1 0
github.com/tsh96/gqltest/example/graph/generated/generated.go:560.38,562.4 1 0
github.com/tsh96/gqltest/example/graph/generated/generated.go:570.132,571.15 1 0
github.com/tsh96/gqltest/example/graph/generated/generated.go:577.2,586.92 3 0
github.com/tsh96/gqltest/example/graph/generated/generated.go:590.2,590.16 1 0
github.com/tsh96/gqltest/example/graph/generated/generated.go:594.2,594.19 1 0
github.com/tsh96/gqltest/example/graph/generated/generated.go:600.2,602.119 3 0
github.com/tsh96/gqltest/example/graph/generated/generated.go:571.15,572.31 1 0
github.com/tsh96/gqltest/example/graph/generated/generated.go:572.31,575.4 2 0
github.com/tsh96/gqltest/example/graph/generated/generated.go:586.92,589.3 2 0
github.com/tsh96/gqltest/example/graph/generated/generated.go:590.16,593.3 2 0
github.com/tsh96/gqltest/example/graph/generated/generated.go:594.19,595.38 1 0
github.com/tsh96/gqltest/example/graph/generated/generated.go:598.3,598.22 1 0
github.com/tsh96/gqltest/example/graph/generated/generated.go:595.38,597.4 1 0
github.com/tsh96/gqltest/example/graph/generated/generated.go:605.130,606.15 1 0
github.com/tsh96/gqltest/example/graph/generated/generated.go:612.2,621.92 3 0
github.com/tsh96/gqltest/example/graph/generated/generated.go:625.2,625.16 1 0
github.com/tsh96/gqltest/example/graph/generated/generated.go:629.2,629.19 1 0
github.com/tsh96/gqltest/example/graph/generated/generated.go:635.2,637.57 3 0
github.com/tsh96/gqltest/example/graph/generated/generated.go:606.15,607.31 1 0
github.com/tsh96/gqltest/example/graph/generated/generated.go:607.31,610.4 2 0
github.com/tsh96/gqltest/example/graph/generated/generated.go:621.92,624.3 2 0
github.com/tsh96/gqltest/example/graph/generated/generated.go:625.16,628.3 2 0
github.com/tsh96/gqltest/example/graph/generated/generated.go:629.19,630.38 1 0
github.com/tsh96/gqltest/example/graph/generated/generated.go:633.3,633.22 1 0
github.com/tsh96/gqltest/example/graph/generated/generated.go:630.38,632.4 1 0
github.com/tsh96/gqltest/example/graph/generated/generated.go:640.132,641.15 1 0
github.com/tsh96/gqltest/example/graph/generated/generated.go:647.2,656.92 3 0
github.com/tsh96/gqltest/example/graph/generated/generated.go:660.2,660.16 1 0
github.com/tsh96/gqltest/example/graph/generated/generated.go:664.2,664.19 1 0
github.com/tsh96/gqltest/example/graph/generated/generated.go:670.2,672.61 3 0
github.com/tsh96/gqltest/example/graph/generated/generated.go:641.15,642.31 1 0
github.com/tsh96/gqltest/example/graph/generated/generated.go:642.31,645.4 2 0
github.com/tsh96/gqltest/example/graph/generated/generated.go:656.92,659.3 2 0
github.com/tsh96/gqltest/example/graph/generated/generated.go:660.16,663.3 2 0
github.com/tsh96/gqltest/example/graph/generated/generated.go:664.19,665.38 1 0
github.com/tsh96/gqltest/example/graph/generated/generated.go:668.3,668.22 1 0
github.com/tsh96/gqltest/example/graph/generated/generated.go:665.38,667.4 1 0
github.com/tsh96/gqltest/example/graph/generated/generated.go:675.152,676.15 1 0
github.com/tsh96/gqltest/example/graph/generated/generated.go:682.2,691.92 3 0
github.com/tsh96/gqltest/example/graph/generated/generated.go:695.2,695.16 1 0
github.com/tsh96/gqltest/example/graph/generated/generated.go:699.2,699.19 1 0
github.com/tsh96/gqltest/example/graph/generated/generated.go:705.2,707.61 3 0
github.com/tsh96/gqltest/example/graph/generated/generated.go:676.15,677.31 1 0
github.com/tsh96/gqltest/example/graph/generated/generated.go:677.31,680.4 2 0
github.com/tsh96/gqltest/example/graph/generated/generated.go:691.92,694.3 2 0
github.com/tsh96/gqltest/example/graph/generated/generated.go:695.16,698.3 2 0
github.com/tsh96/gqltest/example/graph/generated/generated.go:699.19,700.38 1 0
github.com/tsh96/gqltest/example/graph/generated/generated.go:703.3,703.22 1 0
github.com/tsh96/gqltest/example/graph/generated/generated.go:700.38,702.4 1 0
github.com/tsh96/gqltest/example/graph/generated/generated.go:710.159,711.15 1 0
github.com/tsh96/gqltest/example/graph/generated/generated.go:717.2,726.92 3 0
github.com/tsh96/gqltest/example/graph/generated/generated.go:730.2,730.16 1 0
github.com/tsh96/gqltest/example/graph/generated/generated.go:734.2,734.19 1 0
github.com/tsh96/gqltest/example/graph/generated/generated.go:737.2,739.61 3 0
github.com/tsh96/gqltest/example/graph/generated/generated.go:711.15,712.31 1 0
github.com/tsh96/gqltest/example/graph/generated/generated.go:712.31,715.4 2 0
github.com/tsh96/gqltest/example/graph/generated/generated.go:726.92,729.3 2 0
github.com/tsh96/gqltest/example/graph/generated/generated.go:730.16,733.3 2 0
github.com/tsh96/gqltest/example/graph/generated/generated.go:734.19,736.3 1 0
github.com/tsh96/gqltest/example/graph/generated/generated.go:742.157,743.15 1 0
github.com/tsh96/gqltest/example/graph/generated/generated.go:749.2,758.92 3 0
github.com/tsh96/gqltest/example/graph/generated/generated.go:762.2,762.16 1 0
github.com/tsh96/gqltest/example/graph/generated/generated.go:766.2,766.19 1 0
github.com/tsh96/gqltest/example/graph/generated/generated.go:772.2,774.80 3 0
github.com/tsh96/gqltest/example/graph/generated/generated.go:743.15,744.31 1 0
github.com/tsh96/gqltest/example/graph/generated/generated.go:744.31,747.4 2 0
github.com/tsh96/gqltest/example/graph/generated/generated.go:758.92,761.3 2 0
github.com/tsh96/gqltest/example/graph/generated/generated.go:762.16,765.3 2 0
github.com/tsh96/gqltest/example/graph/generated/generated.go:766.19,767.38 1 0
github.com/tsh96/gqltest/example/graph/generated/generated.go:770.3,770.22 1 0
github.com/tsh96/gqltest/example/graph/generated/generated.go:767.38,769.4 1 0
github.com/tsh96/gqltest/example/graph/generated/generated.go:777.152,778.15 1 0
github.com/tsh96/gqltest/example/graph/generated/generated.go:784.2,793.92 3 0
github.com/tsh96/gqltest/example/graph/generated/generated.go:797.2,797.16 1 0
github.com/tsh96/gqltest/example/graph/generated/generated.go:801.2,801.19 1 0
github.com/tsh96/gqltest/example/graph/generated/generated.go:807.2,809.139 3 0
github.com/tsh96/gqltest/example/graph/generated/generated.go:778.15,779.31 1 0
github.com/tsh96/gqltest/example/graph/generated/generated.go:779.31,782.4 2 0
github.com/tsh96/gqltest/example/graph/generated/generated.go:793.92,796.3 2 0
github.com/tsh96/gqltest/example/graph/generated/generated.go:797.16,800.3 2 0
github.com/tsh96/gqltest/example/graph/generated/generated.go:801.19,802.38 1 0
github.com/tsh96/gqltest/example/graph/generated/generated.go:805.3,805.22 1 0
github.com/tsh96/gqltest/example/graph/generated/generated.go:802.38,804.4 1 0
github.com/tsh96/gqltest/example/graph/generated/generated.go:812.152,813.15 1 0
github.com/tsh96/gqltest/example/graph/generated/generated.go:819.2,828.92 3 0
github.com/tsh96/gqltest/example/graph/generated/generated.go:832.2,832.16 1 0
github.com/tsh96/gqltest/example/graph/generated/generated.go:836.2,836.19 1 0
github.com/tsh96/gqltest/example/graph/generated/generated.go:842.2,844.61 3 0
github.com/tsh96/gqltest/example/graph/generated/generated.go:813.15,814.31 1 0
github.com/tsh96/gqltest/example/graph/generated/generated.go:814.31,817.4 2 0
github.com/tsh96/gqltest/example/graph/generated/generated.go:828.92,831.3 2 0
github.com/tsh96/gqltest/example/graph/generated/generated.go:832.16,835.3 2 0
github.com/tsh96/gqltest/example/graph/generated/generated.go:836.19,837.38 1 0
github.com/tsh96/gqltest/example/graph/generated/generated.go:840.3,840.22 1 0
github.com/tsh96/gqltest/example/graph/generated/generated.go:837.38,839.4 1 0
github.com/tsh96/gqltest/example/graph/generated/generated.go:847.159,848.15 1 0
github.com/tsh96/gqltest/example/graph/generated/generated.go:854.2,863.92 3 0
github.com/tsh96/gqltest/example/graph/generated/generated.go:867.2,867.16 1 0
github.com/tsh96/gqltest/example/graph/generated/generated.go:871.2,871.19 1 0
github.com/tsh96/gqltest/example/graph/generated/generated.go:874.2,876.61 3 0
github.com/tsh96/gqltest/example/graph/generated/generated.go:848.15,849.31 1 0
github.com/tsh96/gqltest/example/graph/generated/generated.go:849.31,852.4 2 0
github.com/tsh96/gqltest/example/graph/generated/generated.go:863.92,866.3 2 0
github.com/tsh96/gqltest/example/graph/generated/generated.go:867.16,870.3 2 0
github.com/tsh96/gqltest/example/graph/generated/generated.go:871.19,873.3 1 0
github.com/tsh96/gqltest/example/graph/generated/generated.go:879.160,880.15 1 0
github.com/tsh96/gqltest/example/graph/generated/generated.go:886.2,895.92 3 0
github.com/tsh96/gqltest/example/graph/generated/generated.go:899.2,899.16 1 0
github.com/tsh96/gqltest/example/graph/generated/generated.go:903.2,903.19 1 0
github.com/tsh96/gqltest/example/graph/generated/generated.go:909.2,911.60 3 0
github.com/tsh96/gqltest/example/graph/generated/generated.go:880.15,881.31 1 0
github.com/tsh96/gqltest/example/graph/generated/generated.go:881.31,884.4 2 0
github.com/tsh96/gqltest/example/graph/generated/generated.go:895.92,898.3 2 0
github.com/tsh96/gqltest/example/graph/generated/generated.go:899.16,902.3 2 0
github.com/tsh96/gqltest/example/graph/generated/generated.go:903.19,904.38 1 0
github.com/tsh96/gqltest/example/graph/generated/generated.go:907.3,907.22 1 0
github.com/tsh96/gqltest/example/graph/generated/generated.go:904.38,906.4 1 0
github.com/tsh96/gqltest/example/graph/generated/generated.go:914.165,915.15 1 0
github.com/tsh96/gqltest/example/graph/generated/generated.go:921.2,930.92 3 0
github.com/tsh96/gqltest/example/graph/generated/generated.go:934.2,934.16 1 0
github.com/tsh96/gqltest/example/graph/generated/generated.go:938.2,938.19 1 0
github.com/tsh96/gqltest/example/graph/generated/generated.go:941.2,943.64 3 0
github.com/tsh96/gqltest/example/graph/generated/generated.go:915.15,916.31 1 0
github.com/tsh96/gqltest/example/graph/generated/generated.go:916.31,919.4 2 0
github.com/tsh96/gqltest/example/graph/generated/generated.go:930.92,933.3 2 0
github.com/tsh96/gqltest/example/graph/generated/generated.go:934.16,937.3 2 0
github.com/tsh96/gqltest/example/graph/generated/generated.go:938.19,940.3 1 0
github.com/tsh96/gqltest/example/graph/generated/generated.go:946.144,947.15 1 0
github.com/tsh96/gqltest/example/graph/generated/generated.go:953.2,962.92 3 0
github.com/tsh96/gqltest/example/graph/generated/generated.go:966.2,966.16 1 0
github.com/tsh96/gqltest/example/graph/generated/generated.go:970.2,970.19 1 0
github.com/tsh96/gqltest/example/graph/generated/generated.go:976.2,978.61 3 0
github.com/tsh96/gqltest/example/graph/generated/generated.go:947.15,948.31 1 0
github.com/tsh96/gqltest/example/graph/generated/generated.go:948.31,951.4 2 0
github.com/tsh96/gqltest/example/graph/generated/generated.go:962.92,965.3 2 0
github.com/tsh96/gqltest/example/graph/generated/generated.go:966.16,969.3 2 0
github.com/tsh96/gqltest/example/graph/generated/generated.go:970.19,971.38 1 0
github.com/tsh96/gqltest/example/graph/generated/generated.go:974.3,974.22 1 0
github.com/tsh96/gqltest/example/graph/generated/generated.go:971.38,973.4 1 0
github.com/tsh96/gqltest/example/graph/generated/generated.go:981.151,982.15 1 0
github.com/tsh96/gqltest/example/graph/generated/generated.go:988.2,997.92 3 0
github.com/tsh96/gqltest/example/graph/generated/generated.go:1001.2,1001.16 1 0
github.com/tsh96/gqltest/example/graph/generated/generated.go:1005.2,1005.19 1 0
github.com/tsh96/gqltest/example/graph/generated/generated.go:1008.2,1010.61 3 0
github.com/tsh96/gqltest/example/graph/generated/generated.go:982.15,983.31 1 0
github.com/tsh96/gqltest/example/graph/generated/generated.go:983.31,986.4 2 0
github.com/tsh96/gqltest/example/graph/generated/generated.go:997.92,1000.3 2 0
github.com/tsh96/gqltest/example/graph/generated/generated.go:1001.16,1004.3 2 0
github.com/tsh96/gqltest/example/graph/generated/generated.go:1005.19,1007.3 1 0
github.com/tsh96/gqltest/example/graph/generated/generated.go:1013.144,1014.15 1 0
github.com/tsh96/gqltest/example/graph/generated/generated.go:1020.2,1029.92 3 0
github.com/tsh96/gqltest/example/graph/generated/generated.go:1033.2,1033.16 1 0
github.com/tsh96/gqltest/example/graph/generated/generated.go:1037.2,1037.19 1 0
github.com/tsh96/gqltest/example/graph/generated/generated.go:1043.2,1045.139 3 0
github.com/tsh96/gqltest/example/graph/generated/generated.go:1014.15,1015.31 1 0
github.com/tsh96/gqltest/example/graph/generated/generated.go:1015.31,1018.4 2 0
github.com/tsh96/gqltest/example/graph/generated/generated.go:1029.92,1032.3 2 0
github.com/tsh96/gqltest/example/graph/generated/generated.go:1033.16,1036.3 2 0
github.com/tsh96/gqltest/example/graph/generated/generated.go:1037.19,1038.38 1 0
github.com/tsh96/gqltest/example/graph/generated/generated.go:1041.3,1041.22 1 0
github.com/tsh96/gqltest/example/graph/generated/generated.go:1038.38,1040.4 1 0
github.com/tsh96/gqltest/example/graph/generated/generated.go:1048.144,1049.15 1 0
github.com/tsh96/gqltest/example/graph/generated/generated.go:1055.2,1064.92 3 0
github.com/tsh96/gqltest/example/graph/generated/generated.go:1068.2,1068.16 1 0
github.com/tsh96/gqltest/example/graph/generated/generated.go:1072.2,1072.19 1 0
github.com/tsh96/gqltest/example/graph/generated/generated.go:1078.2,1080.124 3 0
github.com/tsh96/gqltest/example/graph/generated/generated.go:1049.15,1050.31 1 0
github.com/tsh96/gqltest/example/graph/generated/generated.go:1050.31,1053.4 2 0
github.com/tsh96/gqltest/example/graph/generated/generated.go:1064.92,1067.3 2 0
github.com/tsh96/gqltest/example/graph/generated/generated.go:1068.16,1071.3 2 0
github.com/tsh96/gqltest/example/graph/generated/generated.go:1072.19,1073.38 1 0
github.com/tsh96/gqltest/example/graph/generated/generated.go:1076.3,1076.22 1 0
github.com/tsh96/gqltest/example/graph/generated/generated.go:1073.38,1075.4 1 0
github.com/tsh96/gqltest/example/graph/generated/generated.go:1083.152,1084.15 1 0
github.com/tsh96/gqltest/example/graph/generated/generated.go:1090.2,1099.92 3 0
github.com/tsh96/gqltest/example/graph/generated/generated.go:1103.2,1103.16 1 0
github.com/tsh96/gqltest/example/graph/generated/generated.go:1107.2,1107.19 1 0
github.com/tsh96/gqltest/example/graph/generated/generated.go:1113.2,1115.60 3 0
github.com/tsh96/gqltest/example/graph/generated/generated.go:1084.15,1085.31 1 0
github.com/tsh96/gqltest/example/graph/generated/generated.go:1085.31,1088.4 2 0
github.com/tsh96/gqltest/example/graph/generated/generated.go:1099.92,1102.3 2 0
github.com/tsh96/gqltest/example/graph/generated/generated.go:1103.16,1106.3 2 0
github.com/tsh96/gqltest/example/graph/generated/generated.go:1107.19,1108.38 1 0
github.com/tsh96/gqltest/example/graph/generated/generated.go:1111.3,1111.22 1 0
github.com/tsh96/gqltest/example/graph/generated/generated.go:1108.38,1110.4 1 0
github.com/tsh96/gqltest/example/graph/generated/generated.go:1118.157,1119.15 1 0
github.com/tsh96/gqltest/example/graph/generated/generated.go:1125.2,1134.92 3 0
github.com/tsh96/gqltest/example/graph/generated/generated.go:1138.2,1138.16 1 0
github.com/tsh96/gqltest/example/graph/generated/generated.go:1142.2,1142.19 1 0
github.com/tsh96/gqltest/example/graph/generated/generated.go:1145.2,1147.64 3 0
github.com/tsh96/gqltest/example/graph/generated/generated.go:1119.15,1120.31 1 0
github.com/tsh96/gqltest/example/graph/generated/generated.go:1120.31,1123.4 2 0
github.com/tsh96/gqltest/example/graph/generated/generated.go:1134.92,1137.3 2 0
github.com/tsh96/gqltest/example/graph/generated/generated.go:1138.16,1141.3 2 0
github.com/tsh96/gqltest/example/graph/generated/generated.go:1142.19,1144.3 1 0
github.com/tsh96/gqltest/example/graph/generated/generated.go:1150.154,1151.15 1 0
github.com/tsh96/gqltest/example/graph/generated/generated.go:1157.2,1166.92 3 0
github.com/tsh96/gqltest/example/graph/generated/generated.go:1170.2,1170.16 1 0
github.com/tsh96/gqltest/example/graph/generated/generated.go:1174.2,1174.19 1 0
github.com/tsh96/gqltest/example/graph/generated/generated.go:1180.2,1182.61 3 0
github.com/tsh96/gqltest/example/graph/generated/generated.go:1151.15,1152.31 1 0
github.com/tsh96/gqltest/example/graph/generated/generated.go:1152.31,1155.4 2 0
github.com/tsh96/gqltest/example/graph/generated/generated.go:1166.92,1169.3 2 0
github.com/tsh96/gqltest/example/graph/generated/generated.go:1170.16,1173.3 2 0
github.com/tsh96/gqltest/example/graph/generated/generated.go:1174.19,1175.38 1 0
github.com/tsh96/gqltest/example/graph/generated/generated.go:1178.3,1178.22 1 0
github.com/tsh96/gqltest/example/graph/generated/generated.go:1175.38,1177.4 1 0
github.com/tsh96/gqltest/example/graph/generated/generated.go:1185.161,1186.15 1 0
github.com/tsh96/gqltest/example/graph/generated/generated.go:1192.2,1201.92 3 0
github.com/tsh96/gqltest/example/graph/generated/generated.go:1205.2,1205.16 1 0
github.com/tsh96/gqltest/example/graph/generated/generated.go:1209.2,1209.19 1 0
github.com/tsh96/gqltest/example/graph/generated/generated.go:1212.2,1214.61 3 0
github.com/tsh96/gqltest/example/graph/generated/generated.go:1186.15,1187.31 1 0
github.com/tsh96/gqltest/example/graph/generated/generated.go:1187.31,1190.4 2 0
github.com/tsh96/gqltest/example/graph/generated/generated.go:1201.92,1204.3 2 0
github.com/tsh96/gqltest/example/graph/generated/generated.go:1205.16,1208.3 2 0
github.com/tsh96/gqltest/example/graph/generated/generated.go:1209.19,1211.3 1 0
github.com/tsh96/gqltest/example/graph/generated/generated.go:1217.154,1218.15 1 0
github.com/tsh96/gqltest/example/graph/generated/generated.go:1224.2,1233.92 3 0
github.com/tsh96/gqltest/example/graph/generated/generated.go:1237.2,1237.16 1 0
github.com/tsh96/gqltest/example/graph/generated/generated.go:1241.2,1241.19 1 0
github.com/tsh96/gqltest/example/graph/generated/generated.go:1247.2,1249.124 3 0
github.com/tsh96/gqltest/example/graph/generated/generated.go:1218.15,1219.31 1 0
github.com/tsh96/gqltest/example/graph/generated/generated.go:1219.31,1222.4 2 0
github.com/tsh96/gqltest/example/graph/generated/generated.go:1233.92,1236.3 2 0
github.com/tsh96/gqltest/example/graph/generated/generated.go:1237.16,1240.3 2 0
github.com/tsh96/gqltest/example/graph/generated/generated.go:1241.19,1242.38 1 0
github.com/tsh96/gqltest/example/graph/generated/generated.go:1245.3,1245.22 1 0
github.com/tsh96/gqltest/example/graph/generated/generated.go:1242.38,1244.4 1 0
github.com/tsh96/gqltest/example/graph/generated/generated.go:1252.162,1253.15 1 0
github.com/tsh96/gqltest/example/graph/generated/generated.go:1259.2,1268.92 3 0
github.com/tsh96/gqltest/example/graph/generated/generated.go:1272.2,1272.16 1 0
github.com/tsh96/gqltest/example/graph/generated/generated.go:1276.2,1276.19 1 0
github.com/tsh96/gqltest/example/graph/generated/generated.go:1279.2,1281.64 3 0
github.com/tsh96/gqltest/example/graph/generated/generated.go:1253.15,1254.31 1 0
github.com/tsh96/gqltest/example/graph/generated/generated.go:1254.31,1257.4 2 0
github.com/tsh96/gqltest/example/graph/generated/generated.go:1268.92,1271.3 2 0
github.com/tsh96/gqltest/example/graph/generated/generated.go:1272.16,1275.3 2 0
github.com/tsh96/gqltest/example/graph/generated/generated.go:1276.19,1278.3 1 0
github.com/tsh96/gqltest/example/graph/generated/generated.go:1284.147,1285.15 1 0
github.com/tsh96/gqltest/example/graph/generated/generated.go:1291.2,1300.92 3 0
github.com/tsh96/gqltest/example/graph/generated/generated.go:1304.2,1304.16 1 0
github.com/tsh96/gqltest/example/graph/generated/generated.go:1308.2,1308.19 1 0
github.com/tsh96/gqltest/example/graph/generated/generated.go:1314.2,1316.127 3 0
github.com/tsh96/gqltest/example/graph/generated/generated.go:1285.15,1286.31 1 0
github.com/tsh96/gqltest/example/graph/generated/generated.go:1286.31,1289.4 2 0
github.com/tsh96/gqltest/example/graph/generated/generated.go:1300.92,1303.3 2 0
github.com/tsh96/gqltest/example/graph/generated/generated.go:1304.16,1307.3 2 0
github.com/tsh96/gqltest/example/graph/generated/generated.go:1308.19,1309.38 1 0
github.com/tsh96/gqltest/example/graph/generated/generated.go:1312.3,1312.22 1 0
github.com/tsh96/gqltest/example/graph/generated/generated.go:1309.38,1311.4 1 0
github.com/tsh96/gqltest/example/graph/generated/generated.go:1319.151,1320.15 1 0
github.com/tsh96/gqltest/example/graph/generated/generated.go:1326.2,1335.92 3 0
github.com/tsh96/gqltest/example/graph/generated/generated.go:1339.2,1339.16 1 0
github.com/tsh96/gqltest/example/graph/generated/generated.go:1343.2,1343.19 1 0
github.com/tsh96/gqltest/example/graph/generated/generated.go:1349.2,1351.124 3 0
github.com/tsh96/gqltest/example/graph/generated/generated.go:1320.15,1321.31 1 0
github.com/tsh96/gqltest/example/graph/generated/generated.go:1321.31,1324.4 2 0
github.com/tsh96/gqltest/example/graph/generated/generated.go:1335.92,1338.3 2 0
github.com/tsh96/gqltest/example/graph/generated/generated.go:1339.16,1342.3 2 0
github.com/tsh96/gqltest/example/graph/generated/generated.go:1343.19,1344.38 1 0
github.com/tsh96/gqltest/example/graph/generated/generated.go:1347.3,1347.22 1 0
github.com/tsh96/gqltest/example/graph/generated/generated.go:1344.38,1346.4 1 0
github.com/tsh96/gqltest/example/graph/generated/generated.go:1354.154,1355.15 1 0
github.com/tsh96/gqltest/example/graph/generated/generated.go:1361.2,1370.92 3 0
github.com/tsh96/gqltest/example/graph/generated/generated.go:1374.2,1374.16 1 0
github.com/tsh96/gqltest/example/graph/generated/generated.go:1378.2,1378.19 1 0
github.com/tsh96/gqltest/example/graph/generated/generated.go:1381.2,1383.124 3 0
github.com/tsh96/gqltest/example/graph/generated/generated.go:1355.15,1356.31 1 0
github.com/tsh96/gqltest/example/graph/generated/generated.go:1356.31,1359.4 2 0
github.com/tsh96/gqltest/example/graph/generated/generated.go:1370.92,1373.3 2 0
github.com/tsh96/gqltest/example/graph/generated/generated.go:1374.16,1377.3 2 0
github.com/tsh96/gqltest/example/graph/generated/generated.go:1378.19,1380.3 1 0
github.com/tsh96/gqltest/example/graph/generated/generated.go:1386.158,1387.15 1 0
github.com/tsh96/gqltest/example/graph/generated/generated.go:1393.2,1402.92 3 0
github.com/tsh96/gqltest/example/graph/generated/generated.go:1406.2,1406.16 1 0
github.com/tsh96/gqltest/example/graph/generated/generated.go:1410.2,1410.19 1 0
github.com/tsh96/gqltest/example/graph/generated/generated.go:1413.2,1415.124 3 0
github.com/tsh96/gqltest/example/graph/generated/generated.go:1387.15,1388.31 1 0
github.com/tsh96/gqltest/example/graph/generated/generated.go:1388.31,1391.4 2 0
github.com/tsh96/gqltest/example/graph/generated/generated.go:1402.92,1405.3 2 0
github.com/tsh96/gqltest/example/graph/generated/generated.go:1406.16,1409.3 2 0
github.com/tsh96/gqltest/example/graph/generated/generated.go:1410.19,1412.3 1 0
github.com/tsh96/gqltest/example/graph/generated/generated.go:1418.152,1419.15 1 0
github.com/tsh96/gqltest/example/graph/generated/generated.go:1425.2,1434.92 3 0
github.com/tsh96/gqltest/example/graph/generated/generated.go:1438.2,1438.16 1 0
github.com/tsh96/gqltest/example/graph/generated/generated.go:1442.2,1442.19 1 0
github.com/tsh96/gqltest/example/graph/generated/generated.go:1448.2,1450.137 3 0
github.com/tsh96/gqltest/example/graph/generated/generated.go:1419.15,1420.31 1 0
github.com/tsh96/gqltest/example/graph/generated/generated.go:1420.31,1423.4 2 0
github.com/tsh96/gqltest/example/graph/generated/generated.go:1434.92,1437.3 2 0
github.com/tsh96/gqltest/example/graph/generated/generated.go:1438.16,1441.3 2 0
github.com/tsh96/gqltest/example/graph/generated/generated.go:1442.19,1443.38 1 0
github.com/tsh96/gqltest/example/graph/generated/generated.go:1446.3,1446.22 1 0
github.com/tsh96/gqltest/example/graph/generated/generated.go:1443.38,1445.4 1 0
github.com/tsh96/gqltest/example/graph/generated/generated.go:1453.142,1454.15 1 0
github.com/tsh96/gqltest/example/graph/generated/generated.go:1460.2,1469.92 3 0
github.com/tsh96/gqltest/example/graph/generated/generated.go:1473.2,1473.16 1 0
github.com/tsh96/gqltest/example/graph/generated/generated.go:1477.2,1477.19 1 0
github.com/tsh96/gqltest/example/graph/generated/generated.go:1483.2,1485.65 3 0
github.com/tsh96/gqltest/example/graph/generated/generated.go:1454.15,1455.31 1 0
github.com/tsh96/gqltest/example/graph/generated/generated.go:1455.31,1458.4 2 0
github.com/tsh96/gqltest/example/graph/generated/generated.go:1469.92,1472.3 2 0
github.com/tsh96/gqltest/example/graph/generated/generated.go:1473.16,1476.3 2 0
github.com/tsh96/gqltest/example/graph/generated/generated.go:1477.19,1478.38 1 0
github.com/tsh96/gqltest/example/graph/generated/generated.go:1481.3,1481.22 1 0
github.com/tsh96/gqltest/example/graph/generated/generated.go:1478.38,1480.4 1 0
github.com/tsh96/gqltest/example/graph/generated/generated.go:1488.142,1489.15 1 0
github.com/tsh96/gqltest/example/graph/generated/generated.go:1495.2,1504.92 3 0
github.com/tsh96/gqltest/example/graph/generated/generated.go:1508.2,1508.16 1 0
github.com/tsh96/gqltest/example/graph/generated/generated.go:1512.2,1512.19 1 0
github.com/tsh96/gqltest/example/graph/generated/generated.go:1515.2,1517.64 3 0
github.com/tsh96/gqltest/example/graph/generated/generated.go:1489.15,1490.31 1 0
github.com/tsh96/gqltest/example/graph/generated/generated.go:1490.31,1493.4 2 0
github.com/tsh96/gqltest/example/graph/generated/generated.go:1504.92,1507.3 2 0
github.com/tsh96/gqltest/example/graph/generated/generated.go:1508.16,1511.3 2 0
github.com/tsh96/gqltest/example/graph/generated/generated.go:1512.19,1514.3 1 0
github.com/tsh96/gqltest/example/graph/generated/generated.go:1520.149,1521.15 1 0
github.com/tsh96/gqltest/example/graph/generated/generated.go:1527.2,1536.92 3 0
github.com/tsh96/gqltest/example/graph/generated/generated.go:1540.2,1540.16 1 0
github.com/tsh96/gqltest/example/graph/generated/generated.go:1544.2,1544.19 1 0
github.com/tsh96/gqltest/example/graph/generated/generated.go:1547.2,1549.61 3 0
github.com/tsh96/gqltest/example/graph/generated/generated.go:1521.15,1522.31 1 0
github.com/tsh96/gqltest/example/graph/generated/generated.go:1522.31,1525.4 2 0
github.com/tsh96/gqltest/example/graph/generated/generated.go:1536.92,1539.3 2 0
github.com/tsh96/gqltest/example/graph/generated/generated.go:1540.16,1543.3 2 0
github.com/tsh96/gqltest/example/graph/generated/generated.go:1544.19,1546.3 1 0
github.com/tsh96/gqltest/example/graph/generated/generated.go:1552.144,1553.15 1 0
github.com/tsh96/gqltest/example/graph/generated/generated.go:1559.2,1570.16 5 0
github.com/tsh96/gqltest/example/graph/generated/generated.go:1574.2,1575.92 2 0
github.com/tsh96/gqltest/example/graph/generated/generated.go:1579.2,1579.16 1 0
github.com/tsh96/gqltest/example/graph/generated/generated.go:1583.2,1583.19 1 0
github.com/tsh96/gqltest/example/graph/generated/generated.go:1586.2,1588.129 3 0
github.com/tsh96/gqltest/example/graph/generated/generated.go:1553.15,1554.31 1 0
github.com/tsh96/gqltest/example/graph/generated/generated.go:1554.31,1557.4 2 0
github.com/tsh96/gqltest/example/graph/generated/generated.go:1570.16,1573.3 2 0
github.com/tsh96/gqltest/example/graph/generated/generated.go:1575.92,1578.3 2 0
github.com/tsh96/gqltest/example/graph/generated/generated.go:1579.16,1582.3 2 0
github.com/tsh96/gqltest/example/graph/generated/generated.go:1583.19,1585.3 1 0
github.com/tsh96/gqltest/example/graph/generated/generated.go:1591.148,1592.15 1 0
github.com/tsh96/gqltest/example/graph/generated/generated.go:1598.2,1607.92 3 0
github.com/tsh96/gqltest/example/graph/generated/generated.go:1611.2,1611.16 1 0
github.com/tsh96/gqltest/example/graph/generated/generated.go:1615.2,1615.19 1 0
github.com/tsh96/gqltest/example/graph/generated/generated.go:1618.2,1620.127 3 0
github.com/tsh96/gqltest/example/graph/generated/generated.go:1592.15,1593.31 1 0
github.com/tsh96/gqltest/example/graph/generated/generated.go:1593.31,1596.4 2 0
github.com/tsh96/gqltest/example/graph/generated/generated.go:1607.92,1610.3 2 0
github.com/tsh96/gqltest/example/graph/generated/generated.go:1611.16,1614.3 2 0
github.com/tsh96/gqltest/example/graph/generated/generated.go:1615.19,1617.3 1 0
github.com/tsh96/gqltest/example/graph/generated/generated.go:1623.151,1624.15 1 0
github.com/tsh96/gqltest/example/graph/generated/generated.go:1630.2,1639.92 3 0
github.com/tsh96/gqltest/example/graph/generated/generated.go:1643.2,1643.16 1 0
github.com/tsh96/gqltest/example/graph/generated/generated.go:1647.2,1647.19 1 0
github.com/tsh96/gqltest/example/graph/generated/generated.go:1650.2,1652.127 3 0
github.com/tsh96/gqltest/example/graph/generated/generated.go:1624.15,1625.31 1 0
github.com/tsh96/gqltest/example/graph/generated/generated.go:1625.31,1628.4 2 0
github.com/tsh96/gqltest/example/graph/generated/generated.go:1639.92,1642.3 2 0
github.com/tsh96/gqltest/example/graph/generated/generated.go:1643.16,1646.3 2 0
github.com/tsh96/gqltest/example/graph/generated/generated.go:1647.19,1649.3 1 0
github.com/tsh96/gqltest/example/graph/generated/generated.go:1655.148,1656.15 1 0
github.com/tsh96/gqltest/example/graph/generated/generated.go:1662.2,1673.16 5 0
github.com/tsh96/gqltest/example/graph/generated/generated.go:1677.2,1678.92 2 0
github.com/tsh96/gqltest/example/graph/generated/generated.go:1682.2,1682.16 1 0
github.com/tsh96/gqltest/example/graph/generated/generated.go:1686.2,1686.19 1 0
github.com/tsh96/gqltest/example/graph/generated/generated.go:1689.2,1691.137 3 0
github.com/tsh96/gqltest/example/graph/generated/generated.go:1656.15,1657.31 1 0
github.com/tsh96/gqltest/example/graph/generated/generated.go:1657.31,1660.4 2 0
github.com/tsh96/gqltest/example/graph/generated/generated.go:1673.16,1676.3 2 0
github.com/tsh96/gqltest/example/graph/generated/generated.go:1678.92,1681.3 2 0
github.com/tsh96/gqltest/example/graph/generated/generated.go:1682.16,1685.3 2 0
github.com/tsh96/gqltest/example/graph/generated/generated.go:1686.19,1688.3 1 0
github.com/tsh96/gqltest/example/graph/generated/generated.go:1694.149,1695.15 1 0
github.com/tsh96/gqltest/example/graph/generated/generated.go:1701.2,1710.92 3 0
github.com/tsh96/gqltest/example/graph/generated/generated.go:1714.2,1714.16 1 0
github.com/tsh96/gqltest/example/graph/generated/generated.go:1718.2,1718.19 1 0
github.com/tsh96/gqltest/example/graph/generated/generated.go:1721.2,1723.139 3 0
github.com/tsh96/gqltest/example/graph/generated/generated.go:1695.15,1696.31 1 0
github.com/tsh96/gqltest/example/graph/generated/generated.go:1696.31,1699.4 2 0
github.com/tsh96/gqltest/example/graph/generated/generated.go:1710.92,1713.3 2 0
github.com/tsh96/gqltest/example/graph/generated/generated.go:1714.16,1717.3 2 0
github.com/tsh96/gqltest/example/graph/generated/generated.go:1718.19,1720.3 1 0
github.com/tsh96/gqltest/example/graph/generated/generated.go:1726.144,1727.15 1 0
github.com/tsh96/gqltest/example/graph/generated/generated.go:1733.2,1742.92 3 0
github.com/tsh96/gqltest/example/graph/generated/generated.go:1746.2,1746.16 1 0
github.com/tsh96/gqltest/example/graph/generated/generated.go:1750.2,1750.19 1 0
github.com/tsh96/gqltest/example/graph/generated/generated.go:1753.2,1755.124 3 0
github.com/tsh96/gqltest/example/graph/generated/generated.go:1727.15,1728.31 1 0
github.com/tsh96/gqltest/example/graph/generated/generated.go:1728.31,1731.4 2 0
github.com/tsh96/gqltest/example/graph/generated/generated.go:1742.92,1745.3 2 0
github.com/tsh96/gqltest/example/graph/generated/generated.go:1746.16,1749.3 2 0
github.com/tsh96/gqltest/example/graph/generated/generated.go:1750.19,1752.3 1 0
github.com/tsh96/gqltest/example/graph/generated/generated.go:1762.112,1766.26 3 1
github.com/tsh96/gqltest/example/graph/generated/generated.go:1787.2,1787.16 1 1
github.com/tsh96/gqltest/example/graph/generated/generated.go:1766.26,1767.12 1 1
github.com/tsh96/gqltest/example/graph/generated/generated.go:1768.15,1773.18 4 1
github.com/tsh96/gqltest/example/graph/generated/generated.go:1776.17,1781.18 4 1
github.com/tsh96/gqltest/example/graph/generated/generated.go:1773.18,1775.5 1 0
github.com/tsh96/gqltest/example/graph/generated/generated.go:1781.18,1783.5 1 0
github.com/tsh96/gqltest/example/graph/generated/generated.go:1800.100,1809.31 5 1
github.com/tsh96/gqltest/example/graph/generated/generated.go:1822.2,1823.18 2 1
github.com/tsh96/gqltest/example/graph/generated/generated.go:1826.2,1826.12 1 1
github.com/tsh96/gqltest/example/graph/generated/generated.go:1809.31,1810.21 1 1
github.com/tsh96/gqltest/example/graph/generated/generated.go:1811.21,1812.53 1 0
github.com/tsh96/gqltest/example/graph/generated/generated.go:1813.21,1815.37 2 1
github.com/tsh96/gqltest/example/graph/generated/generated.go:1818.11,1819.55 1 0
github.com/tsh96/gqltest/example/graph/generated/generated.go:1815.37,1817.5 1 0
github.com/tsh96/gqltest/example/graph/generated/generated.go:1823.18,1825.3 1 0
github.com/tsh96/gqltest/example/graph/generated/generated.go:1831.97,1840.31 5 1
github.com/tsh96/gqltest/example/graph/generated/generated.go:1866.2,1867.18 2 1
github.com/tsh96/gqltest/example/graph/generated/generated.go:1870.2,1870.12 1 1
github.com/tsh96/gqltest/example/graph/generated/generated.go:1840.31,1841.21 1 1
github.com/tsh96/gqltest/example/graph/generated/generated.go:1842.21,1843.50 1 0
github.com/tsh96/gqltest/example/graph/generated/generated.go:1844.16,1846.55 2 1
github.com/tsh96/gqltest/example/graph/generated/generated.go:1858.17,1859.48 1 0
github.com/tsh96/gqltest/example/graph/generated/generated.go:1860.19,1861.50 1 0
github.com/tsh96/gqltest/example/graph/generated/generated.go:1862.11,1863.55 1 0
github.com/tsh96/gqltest/example/graph/generated/generated.go:1846.55,1847.18 1 1
github.com/tsh96/gqltest/example/graph/generated/generated.go:1852.5,1853.28 2 1
github.com/tsh96/gqltest/example/graph/generated/generated.go:1856.5,1856.15 1 1
github.com/tsh96/gqltest/example/graph/generated/generated.go:1847.18,1848.34 1 1
github.com/tsh96/gqltest/example/graph/generated/generated.go:1848.34,1850.7 1 0
github.com/tsh96/gqltest/example/graph/generated/generated.go:1853.28,1855.6 1 0
github.com/tsh96/gqltest/example/graph/generated/generated.go:1867.18,1869.3 1 0
github.com/tsh96/gqltest/example/graph/generated/generated.go:1875.113,1880.31 4 1
github.com/tsh96/gqltest/example/graph/generated/generated.go:1908.2,1909.18 2 1
github.com/tsh96/gqltest/example/graph/generated/generated.go:1912.2,1912.12 1 1
github.com/tsh96/gqltest/example/graph/generated/generated.go:1880.31,1881.21 1 1
github.com/tsh96/gqltest/example/graph/generated/generated.go:1882.21,1883.49 1 0
github.com/tsh96/gqltest/example/graph/generated/generated.go:1884.13,1886.37 2 0
github.com/tsh96/gqltest/example/graph/generated/generated.go:1889.15,1891.37 2 1
github.com/tsh96/gqltest/example/graph/generated/generated.go:1894.15,1896.37 2 1
github.com/tsh96/gqltest/example/graph/generated/generated.go:1899.15,1901.37 2 0
github.com/tsh96/gqltest/example/graph/generated/generated.go:1904.11,1905.55 1 0
github.com/tsh96/gqltest/example/graph/generated/generated.go:1886.37,1888.5 1 0
github.com/tsh96/gqltest/example/graph/generated/generated.go:1891.37,1893.5 1 0
github.com/tsh96/gqltest/example/graph/generated/generated.go:1896.37,1898.5 1 0
github.com/tsh96/gqltest/example/graph/generated/generated.go:1901.37,1903.5 1 0
github.com/tsh96/gqltest/example/graph/generated/generated.go:1909.18,1911.3 1 0
github.com/tsh96/gqltest/example/graph/generated/generated.go:1917.113,1922.31 4 0
github.com/tsh96/gqltest/example/graph/generated/generated.go:1940.2,1941.18 2 0
github.com/tsh96/gqltest/example/graph/generated/generated.go:1944.2,1944.12 1 0
github.com/tsh96/gqltest/example/graph/generated/generated.go:1922.31,1923.21 1 0
github.com/tsh96/gqltest/example/graph/generated/generated.go:1924.21,1925.49 1 0
github.com/tsh96/gqltest/example/graph/generated/generated.go:1926.13,1928.37 2 0
github.com/tsh96/gqltest/example/graph/generated/generated.go:1931.15,1933.37 2 0
github.com/tsh96/gqltest/example/graph/generated/generated.go:1936.11,1937.55 1 0
github.com/tsh96/gqltest/example/graph/generated/generated.go:1928.37,1930.5 1 0
github.com/tsh96/gqltest/example/graph/generated/generated.go:1933.37,1935.5 1 0
github.com/tsh96/gqltest/example/graph/generated/generated.go:1941.18,1943.3 1 0
github.com/tsh96/gqltest/example/graph/generated/generated.go:1949.133,1954.31 4 0
github.com/tsh96/gqltest/example/graph/generated/generated.go:1979.2,1980.18 2 0
github.com/tsh96/gqltest/example/graph/generated/generated.go:1983.2,1983.12 1 0
github.com/tsh96/gqltest/example/graph/generated/generated.go:1954.31,1955.21 1 0
github.com/tsh96/gqltest/example/graph/generated/generated.go:1956.21,1957.56 1 0
github.com/tsh96/gqltest/example/graph/generated/generated.go:1958.15,1960.37 2 0
github.com/tsh96/gqltest/example/graph/generated/generated.go:1963.22,1964.64 1 0
github.com/tsh96/gqltest/example/graph/generated/generated.go:1965.20,1967.37 2 0
github.com/tsh96/gqltest/example/graph/generated/generated.go:1970.15,1972.37 2 0
github.com/tsh96/gqltest/example/graph/generated/generated.go:1975.11,1976.55 1 0
github.com/tsh96/gqltest/example/graph/generated/generated.go:1960.37,1962.5 1 0
github.com/tsh96/gqltest/example/graph/generated/generated.go:1967.37,1969.5 1 0
github.com/tsh96/gqltest/example/graph/generated/generated.go:1972.37,1974.5 1 0
github.com/tsh96/gqltest/example/graph/generated/generated.go:1980.18,1982.3 1 0
github.com/tsh96/gqltest/example/graph/generated/generated.go:1988.133,1993.31 4 0
github.com/tsh96/gqltest/example/graph/generated/generated.go:2015.2,2016.18 2 0
github.com/tsh96/gqltest/example/graph/generated/generated.go:2019.2,2019.12 1 0
github.com/tsh96/gqltest/example/graph/generated/generated.go:1993.31,1994.21 1 0
github.com/tsh96/gqltest/example/graph/generated/generated.go:1995.21,1996.56 1 0
github.com/tsh96/gqltest/example/graph/generated/generated.go:1997.15,1999.37 2 0
github.com/tsh96/gqltest/example/graph/generated/generated.go:2002.22,2003.64 1 0
github.com/tsh96/gqltest/example/graph/generated/generated.go:2004.23,2006.37 2 0
github.com/tsh96/gqltest/example/graph/generated/generated.go:2009.28,2010.70 1 0
github.com/tsh96/gqltest/example/graph/generated/generated.go:2011.11,2012.55 1 0
github.com/tsh96/gqltest/example/graph/generated/generated.go:1999.37,2001.5 1 0
github.com/tsh96/gqltest/example/graph/generated/generated.go:2006.37,2008.5 1 0
github.com/tsh96/gqltest/example/graph/generated/generated.go:2016.18,2018.3 1 0
github.com/tsh96/gqltest/example/graph/generated/generated.go:2024.125,2029.31 4 0
github.com/tsh96/gqltest/example/graph/generated/generated.go:2061.2,2062.18 2 0
github.com/tsh96/gqltest/example/graph/generated/generated.go:2065.2,2065.12 1 0
github.com/tsh96/gqltest/example/graph/generated/generated.go:2029.31,2030.21 1 0
github.com/tsh96/gqltest/example/graph/generated/generated.go:2031.21,2032.52 1 0
github.com/tsh96/gqltest/example/graph/generated/generated.go:2033.15,2035.37 2 0
github.com/tsh96/gqltest/example/graph/generated/generated.go:2038.22,2039.60 1 0
github.com/tsh96/gqltest/example/graph/generated/generated.go:2040.15,2042.37 2 0
github.com/tsh96/gqltest/example/graph/generated/generated.go:2045.15,2047.37 2 0
github.com/tsh96/gqltest/example/graph/generated/generated.go:2050.23,2052.37 2 0
github.com/tsh96/gqltest/example/graph/generated/generated.go:2055.28,2056.66 1 0
github.com/tsh96/gqltest/example/graph/generated/generated.go:2057.11,2058.55 1 0
github.com/tsh96/gqltest/example/graph/generated/generated.go:2035.37,2037.5 1 0
github.com/tsh96/gqltest/example/graph/generated/generated.go:2042.37,2044.5 1 0
github.com/tsh96/gqltest/example/graph/generated/generated.go:2047.37,2049.5 1 0
github.com/tsh96/gqltest/example/graph/generated/generated.go:2052.37,2054.5 1 0
github.com/tsh96/gqltest/example/graph/generated/generated.go:2062.18,2064.3 1 0
github.com/tsh96/gqltest/example/graph/generated/generated.go:2070.135,2075.31 4 0
github.com/tsh96/gqltest/example/graph/generated/generated.go:2097.2,2098.18 2 0
github.com/tsh96/gqltest/example/graph/generated/generated.go:2101.2,2101.12 1 0
github.com/tsh96/gqltest/example/graph/generated/generated.go:2075.31,2076.21 1 0
github.com/tsh96/gqltest/example/graph/generated/generated.go:2077.21,2078.57 1 0
github.com/tsh96/gqltest/example/graph/generated/generated.go:2079.15,2081.37 2 0
github.com/tsh96/gqltest/example/graph/generated/generated.go:2084.22,2085.65 1 0
github.com/tsh96/gqltest/example/graph/generated/generated.go:2086.15,2088.37 2 0
github.com/tsh96/gqltest/example/graph/generated/generated.go:2091.23,2092.66 1 0
github.com/tsh96/gqltest/example/graph/generated/generated.go:2093.11,2094.55 1 0
github.com/tsh96/gqltest/example/graph/generated/generated.go:2081.37,2083.5 1 0
github.com/tsh96/gqltest/example/graph/generated/generated.go:2088.37,2090.5 1 0
github.com/tsh96/gqltest/example/graph/generated/generated.go:2098.18,2100.3 1 0
github.com/tsh96/gqltest/example/graph/generated/generated.go:2106.127,2111.31 4 0
github.com/tsh96/gqltest/example/graph/generated/generated.go:2138.2,2139.18 2 0
github.com/tsh96/gqltest/example/graph/generated/generated.go:2142.2,2142.12 1 0
github.com/tsh96/gqltest/example/graph/generated/generated.go:2111.31,2112.21 1 0
github.com/tsh96/gqltest/example/graph/generated/generated.go:2113.21,2114.53 1 0
github.com/tsh96/gqltest/example/graph/generated/generated.go:2115.16,2117.37 2 0
github.com/tsh96/gqltest/example/graph/generated/generated.go:2120.20,2122.37 2 0
github.com/tsh96/gqltest/example/graph/generated/generated.go:2125.23,2126.62 1 0
github.com/tsh96/gqltest/example/graph/generated/generated.go:2127.27,2128.66 1 0
github.com/tsh96/gqltest/example/graph/generated/generated.go:2129.21,2131.37 2 0
github.com/tsh96/gqltest/example/graph/generated/generated.go:2134.11,2135.55 1 0
github.com/tsh96/gqltest/example/graph/generated/generated.go:2117.37,2119.5 1 0
github.com/tsh96/gqltest/example/graph/generated/generated.go:2122.37,2124.5 1 0
github.com/tsh96/gqltest/example/graph/generated/generated.go:2131.37,2133.5 1 0
github.com/tsh96/gqltest/example/graph/generated/generated.go:2139.18,2141.3 1 0
github.com/tsh96/gqltest/example/graph/generated/generated.go:2147.123,2152.31 4 0
github.com/tsh96/gqltest/example/graph/generated/generated.go:2181.2,2182.18 2 0
github.com/tsh96/gqltest/example/graph/generated/generated.go:2185.2,2185.12 1 0
github.com/tsh96/gqltest/example/graph/generated/generated.go:2152.31,2153.21 1 0
github.com/tsh96/gqltest/example/graph/generated/generated.go:2154.21,2155.51 1 0
github.com/tsh96/gqltest/example/graph/generated/generated.go:2156.15,2158.37 2 0
github.com/tsh96/gqltest/example/graph/generated/generated.go:2161.15,2162.52 1 0
github.com/tsh96/gqltest/example/graph/generated/generated.go:2163.22,2164.59 1 0
github.com/tsh96/gqltest/example/graph/generated/generated.go:2165.17,2166.54 1 0
github.com/tsh96/gqltest/example/graph/generated/generated.go:2167.21,2168.58 1 0
github.com/tsh96/gqltest/example/graph/generated/generated.go:2169.24,2170.61 1 0
github.com/tsh96/gqltest/example/graph/generated/generated.go:2171.21,2172.58 1 0
github.com/tsh96/gqltest/example/graph/generated/generated.go:2173.22,2174.59 1 0
github.com/tsh96/gqltest/example/graph/generated/generated.go:2175.17,2176.54 1 0
github.com/tsh96/gqltest/example/graph/generated/generated.go:2177.11,2178.55 1 0
github.com/tsh96/gqltest/example/graph/generated/generated.go:2158.37,2160.5 1 0
github.com/tsh96/gqltest/example/graph/generated/generated.go:2182.18,2184.3 1 0
github.com/tsh96/gqltest/example/graph/generated/generated.go:2192.102,2195.2 2 0
github.com/tsh96/gqltest/example/graph/generated/generated.go:2197.119,2199.25 2 1
github.com/tsh96/gqltest/example/graph/generated/generated.go:2204.2,2204.12 1 1
github.com/tsh96/gqltest/example/graph/generated/generated.go:2199.25,2200.64 1 0
github.com/tsh96/gqltest/example/graph/generated/generated.go:2200.64,2202.4 1 0
github.com/tsh96/gqltest/example/graph/generated/generated.go:2207.101,2210.2 2 0
github.com/tsh96/gqltest/example/graph/generated/generated.go:2212.118,2214.25 2 0
github.com/tsh96/gqltest/example/graph/generated/generated.go:2219.2,2219.12 1 0
github.com/tsh96/gqltest/example/graph/generated/generated.go:2214.25,2215.64 1 0
github.com/tsh96/gqltest/example/graph/generated/generated.go:2215.64,2217.4 1 0
github.com/tsh96/gqltest/example/graph/generated/generated.go:2222.173,2225.2 2 1
github.com/tsh96/gqltest/example/graph/generated/generated.go:2227.105,2230.2 2 1
github.com/tsh96/gqltest/example/graph/generated/generated.go:2232.122,2234.25 2 1
github.com/tsh96/gqltest/example/graph/generated/generated.go:2239.2,2239.12 1 1
github.com/tsh96/gqltest/example/graph/generated/generated.go:2234.25,2235.64 1 0
github.com/tsh96/gqltest/example/graph/generated/generated.go:2235.64,2237.4 1 0
github.com/tsh96/gqltest/example/graph/generated/generated.go:2242.181,2244.2 1 0
github.com/tsh96/gqltest/example/graph/generated/generated.go:2246.193,2250.13 4 1
github.com/tsh96/gqltest/example/graph/generated/generated.go:2253.2,2253.19 1 1
github.com/tsh96/gqltest/example/graph/generated/generated.go:2279.2,2280.12 2 1
github.com/tsh96/gqltest/example/graph/generated/generated.go:2250.13,2252.3 1 1
github.com/tsh96/gqltest/example/graph/generated/generated.go:2253.19,2260.20 4 0
github.com/tsh96/gqltest/example/graph/generated/generated.go:2272.3,2272.13 1 0
github.com/tsh96/gqltest/example/graph/generated/generated.go:2260.20,2261.17 1 0
github.com/tsh96/gqltest/example/graph/generated/generated.go:2267.4,2267.15 1 0
github.com/tsh96/gqltest/example/graph/generated/generated.go:2270.4,2270.111 1 0
github.com/tsh96/gqltest/example/graph/generated/generated.go:2261.17,2262.33 1 0
github.com/tsh96/gqltest/example/graph/generated/generated.go:2262.33,2265.6 2 0
github.com/tsh96/gqltest/example/graph/generated/generated.go:2267.15,2269.5 1 0
github.com/tsh96/gqltest/example/graph/generated/generated.go:2272.13,2274.4 1 0
github.com/tsh96/gqltest/example/graph/generated/generated.go:2274.9,2276.4 1 0
github.com/tsh96/gqltest/example/graph/generated/generated.go:2283.185,2284.14 1 1
github.com/tsh96/gqltest/example/graph/generated/generated.go:2290.2,2290.30 1 1
github.com/tsh96/gqltest/example/graph/generated/generated.go:2284.14,2285.64 1 0
github.com/tsh96/gqltest/example/graph/generated/generated.go:2288.3,2288.22 1 0
github.com/tsh96/gqltest/example/graph/generated/generated.go:2285.64,2287.4 1 0
github.com/tsh96/gqltest/example/graph/generated/generated.go:2293.185,2294.14 1 0
github.com/tsh96/gqltest/example/graph/generated/generated.go:2300.2,2300.30 1 0
github.com/tsh96/gqltest/example/graph/generated/generated.go:2294.14,2295.64 1 0
github.com/tsh96/gqltest/example/graph/generated/generated.go:2298.3,2298.22 1 0
github.com/tsh96/gqltest/example/graph/generated/generated.go:2295.64,2297.4 1 0
github.com/tsh96/gqltest/example/graph/generated/generated.go:2303.209,2305.2 1 0
github.com/tsh96/gqltest/example/graph/generated/generated.go:2307.217,2311.13 4 0
github.com/tsh96/gqltest/example/graph/generated/generated.go:2314.2,2314.19 1 0
github.com/tsh96/gqltest/example/graph/generated/generated.go:2340.2,2341.12 2 0
github.com/tsh96/gqltest/example/graph/generated/generated.go:2311.13,2313.3 1 0
github.com/tsh96/gqltest/example/graph/generated/generated.go:2314.19,2321.20 4 0
github.com/tsh96/gqltest/example/graph/generated/generated.go:2333.3,2333.13 1 0
github.com/tsh96/gqltest/example/graph/generated/generated.go:2321.20,2322.17 1 0
github.com/tsh96/gqltest/example/graph/generated/generated.go:2328.4,2328.15 1 0
github.com/tsh96/gqltest/example/graph/generated/generated.go:2331.4,2331.123 1 0
github.com/tsh96/gqltest/example/graph/generated/generated.go:2322.17,2323.33 1 0
github.com/tsh96/gqltest/example/graph/generated/generated.go:2323.33,2326.6 2 0
github.com/tsh96/gqltest/example/graph/generated/generated.go:2328.15,2330.5 1 0
github.com/tsh96/gqltest/example/graph/generated/generated.go:2333.13,2335.4 1 0
github.com/tsh96/gqltest/example/graph/generated/generated.go:2335.9,2337.4 1 0
github.com/tsh96/gqltest/example/graph/generated/generated.go:2344.118,2347.2 2 0
github.com/tsh96/gqltest/example/graph/generated/generated.go:2349.135,2351.25 2 0
github.com/tsh96/gqltest/example/graph/generated/generated.go:2356.2,2356.12 1 0
github.com/tsh96/gqltest/example/graph/generated/generated.go:2351.25,2352.64 1 0
github.com/tsh96/gqltest/example/graph/generated/generated.go:2352.64,2354.4 1 0
github.com/tsh96/gqltest/example/graph/generated/generated.go:2359.126,2361.14 2 0
github.com/tsh96/gqltest/example/graph/generated/generated.go:2368.2,2370.24 3 0
github.com/tsh96/gqltest/example/graph/generated/generated.go:2377.2,2377.17 1 0
github.com/tsh96/gqltest/example/graph/generated/generated.go:2361.14,2362.40 1 0
github.com/tsh96/gqltest/example/graph/generated/generated.go:2362.40,2364.4 1 0
github.com/tsh96/gqltest/example/graph/generated/generated.go:2364.9,2366.4 1 0
github.com/tsh96/gqltest/example/graph/generated/generated.go:2370.24,2373.17 3 0
github.com/tsh96/gqltest/example/graph/generated/generated.go:2373.17,2375.4 1 0
github.com/tsh96/gqltest/example/graph/generated/generated.go:2380.143,2384.13 4 0
github.com/tsh96/gqltest/example/graph/generated/generated.go:2387.2,2387.19 1 0
github.com/tsh96/gqltest/example/graph/generated/generated.go:2413.2,2414.12 2 0
github.com/tsh96/gqltest/example/graph/generated/generated.go:2384.13,2386.3 1 0
github.com/tsh96/gqltest/example/graph/generated/generated.go:2387.19,2394.20 4 0
github.com/tsh96/gqltest/example/graph/generated/generated.go:2406.3,2406.13 1 0
github.com/tsh96/gqltest/example/graph/generated/generated.go:2394.20,2395.17 1 0
github.com/tsh96/gqltest/example/graph/generated/generated.go:2401.4,2401.15 1 0
github.com/tsh96/gqltest/example/graph/generated/generated.go:2404.4,2404.66 1 0
github.com/tsh96/gqltest/example/graph/generated/generated.go:2395.17,2396.33 1 0
github.com/tsh96/gqltest/example/graph/generated/generated.go:2396.33,2399.6 2 0
github.com/tsh96/gqltest/example/graph/generated/generated.go:2401.15,2403.5 1 0
github.com/tsh96/gqltest/example/graph/generated/generated.go:2406.13,2408.4 1 0
github.com/tsh96/gqltest/example/graph/generated/generated.go:2408.9,2410.4 1 0
github.com/tsh96/gqltest/example/graph/generated/generated.go:2417.209,2419.2 1 0
github.com/tsh96/gqltest/example/graph/generated/generated.go:2421.197,2423.2 1 0
github.com/tsh96/gqltest/example/graph/generated/generated.go:2425.212,2427.2 1 0
github.com/tsh96/gqltest/example/graph/generated/generated.go:2429.220,2433.13 4 0
github.com/tsh96/gqltest/example/graph/generated/generated.go:2436.2,2436.19 1 0
github.com/tsh96/gqltest/example/graph/generated/generated.go:2462.2,2463.12 2 0
github.com/tsh96/gqltest/example/graph/generated/generated.go:2433.13,2435.3 1 0
github.com/tsh96/gqltest/example/graph/generated/generated.go:2436.19,2443.20 4 0
github.com/tsh96/gqltest/example/graph/generated/generated.go:2455.3,2455.13 1 0
github.com/tsh96/gqltest/example/graph/generated/generated.go:2443.20,2444.17 1 0
github.com/tsh96/gqltest/example/graph/generated/generated.go:2450.4,2450.15 1 0
github.com/tsh96/gqltest/example/graph/generated/generated.go:2453.4,2453.125 1 0
github.com/tsh96/gqltest/example/graph/generated/generated.go:2444.17,2445.33 1 0
github.com/tsh96/gqltest/example/graph/generated/generated.go:2445.33,2448.6 2 0
github.com/tsh96/gqltest/example/graph/generated/generated.go:2450.15,2452.5 1 0
github.com/tsh96/gqltest/example/graph/generated/generated.go:2455.13,2457.4 1 0
github.com/tsh96/gqltest/example/graph/generated/generated.go:2457.9,2459.4 1 0
github.com/tsh96/gqltest/example/graph/generated/generated.go:2466.194,2468.2 1 0
github.com/tsh96/gqltest/example/graph/generated/generated.go:2470.202,2474.13 4 0
github.com/tsh96/gqltest/example/graph/generated/generated.go:2477.2,2477.19 1 0
github.com/tsh96/gqltest/example/graph/generated/generated.go:2503.2,2504.12 2 0
github.com/tsh96/gqltest/example/graph/generated/generated.go:2474.13,2476.3 1 0
github.com/tsh96/gqltest/example/graph/generated/generated.go:2477.19,2484.20 4 0
github.com/tsh96/gqltest/example/graph/generated/generated.go:2496.3,2496.13 1 0
github.com/tsh96/gqltest/example/graph/generated/generated.go:2484.20,2485.17 1 0
github.com/tsh96/gqltest/example/graph/generated/generated.go:2491.4,2491.15 1 0
github.com/tsh96/gqltest/example/graph/generated/generated.go:2494.4,2494.113 1 0
github.com/tsh96/gqltest/example/graph/generated/generated.go:2485.17,2486.33 1 0
github.com/tsh96/gqltest/example/graph/generated/generated.go:2486.33,2489.6 2 0
github.com/tsh96/gqltest/example/graph/generated/generated.go:2491.15,2493.5 1 0
github.com/tsh96/gqltest/example/graph/generated/generated.go:2496.13,2498.4 1 0
github.com/tsh96/gqltest/example/graph/generated/generated.go:2498.9,2500.4 1 0
github.com/tsh96/gqltest/example/graph/generated/generated.go:2507.198,2508.14 1 0
github.com/tsh96/gqltest/example/graph/generated/generated.go:2514.2,2514.32 1 0
github.com/tsh96/gqltest/example/graph/generated/generated.go:2508.14,2509.64 1 0
github.com/tsh96/gqltest/example/graph/generated/generated.go:2512.3,2512.22 1 0
github.com/tsh96/gqltest/example/graph/generated/generated.go:2509.64,2511.4 1 0
github.com/tsh96/gqltest/example/graph/generated/generated.go:2517.109,2520.2 2 0
github.com/tsh96/gqltest/example/graph/generated/generated.go:2522.126,2524.25 2 0
github.com/tsh96/gqltest/example/graph/generated/generated.go:2529.2,2529.12 1 0
github.com/tsh96/gqltest/example/graph/generated/generated.go:2524.25,2525.64 1 0
github.com/tsh96/gqltest/example/graph/generated/generated.go:2525.64,2527.4 1 0
github.com/tsh96/gqltest/example/graph/generated/generated.go:2532.102,2535.2 2 0
github.com/tsh96/gqltest/example/graph/generated/generated.go:2537.119,2539.2 1 0
github.com/tsh96/gqltest/example/graph/generated/generated.go:2541.106,2542.14 1 0
github.com/tsh96/gqltest/example/graph/generated/generated.go:2545.2,2546.44 2 0
github.com/tsh96/gqltest/example/graph/generated/generated.go:2542.14,2544.3 1 0
github.com/tsh96/gqltest/example/graph/generated/generated.go:2549.123,2550.14 1 0
github.com/tsh96/gqltest/example/graph/generated/generated.go:2553.2,2553.35 1 0
github.com/tsh96/gqltest/example/graph/generated/generated.go:2550.14,2552.3 1 0
github.com/tsh96/gqltest/example/graph/generated/generated.go:2556.105,2559.2 2 0
github.com/tsh96/gqltest/example/graph/generated/generated.go:2561.122,2563.2 1 0
github.com/tsh96/gqltest/example/graph/generated/generated.go:2565.109,2566.14 1 0
github.com/tsh96/gqltest/example/graph/generated/generated.go:2569.2,2570.44 2 0
github.com/tsh96/gqltest/example/graph/generated/generated.go:2566.14,2568.3 1 0
github.com/tsh96/gqltest/example/graph/generated/generated.go:2573.126,2574.14 1 0
github.com/tsh96/gqltest/example/graph/generated/generated.go:2577.2,2577.34 1 0
github.com/tsh96/gqltest/example/graph/generated/generated.go:2574.14,2576.3 1 0
github.com/tsh96/gqltest/example/graph/generated/generated.go:2580.217,2581.14 1 0
github.com/tsh96/gqltest/example/graph/generated/generated.go:2584.2,2587.13 4 0
github.com/tsh96/gqltest/example/graph/generated/generated.go:2590.2,2590.19 1 0
github.com/tsh96/gqltest/example/graph/generated/generated.go:2616.2,2617.12 2 0
github.com/tsh96/gqltest/example/graph/generated/generated.go:2581.14,2583.3 1 0
github.com/tsh96/gqltest/example/graph/generated/generated.go:2587.13,2589.3 1 0
github.com/tsh96/gqltest/example/graph/generated/generated.go:2590.19,2597.20 4 0
github.com/tsh96/gqltest/example/graph/generated/generated.go:2609.3,2609.13 1 0
github.com/tsh96/gqltest/example/graph/generated/generated.go:2597.20,2598.17 1 0
github.com/tsh96/gqltest/example/graph/generated/generated.go:2604.4,2604.15 1 0
github.com/tsh96/gqltest/example/graph/generated/generated.go:2607.4,2607.123 1 0
github.com/tsh96/gqltest/example/graph/generated/generated.go:2598.17,2599.33 1 0
github.com/tsh96/gqltest/example/graph/generated/generated.go:2599.33,2602.6 2 0
github.com/tsh96/gqltest/example/graph/generated/generated.go:2604.15,2606.5 1 0
github.com/tsh96/gqltest/example/graph/generated/generated.go:2609.13,2611.4 1 0
github.com/tsh96/gqltest/example/graph/generated/generated.go:2611.9,2613.4 1 0
github.com/tsh96/gqltest/example/graph/generated/generated.go:2620.205,2621.14 1 0
github.com/tsh96/gqltest/example/graph/generated/generated.go:2624.2,2627.13 4 0
github.com/tsh96/gqltest/example/graph/generated/generated.go:2630.2,2630.19 1 0
github.com/tsh96/gqltest/example/graph/generated/generated.go:2656.2,2657.12 2 0
github.com/tsh96/gqltest/example/graph/generated/generated.go:2621.14,2623.3 1 0
github.com/tsh96/gqltest/example/graph/generated/generated.go:2627.13,2629.3 1 0
github.com/tsh96/gqltest/example/graph/generated/generated.go:2630.19,2637.20 4 0
github.com/tsh96/gqltest/example/graph/generated/generated.go:2649.3,2649.13 1 0
github.com/tsh96/gqltest/example/graph/generated/generated.go:2637.20,2638.17 1 0
github.com/tsh96/gqltest/example/graph/generated/generated.go:2644.4,2644.15 1 0
github.com/tsh96/gqltest/example/graph/generated/generated.go:2647.4,2647.115 1 0
github.com/tsh96/gqltest/example/graph/generated/generated.go:2638.17,2639.33 1 0
github.com/tsh96/gqltest/example/graph/generated/generated.go:2639.33,2642.6 2 0
github.com/tsh96/gqltest/example/graph/generated/generated.go:2644.15,2646.5 1 0
github.com/tsh96/gqltest/example/graph/generated/generated.go:2649.13,2651.4 1 0
github.com/tsh96/gqltest/example/graph/generated/generated.go:2651.9,2653.4 1 0
github.com/tsh96/gqltest/example/graph/generated/generated.go:2660.220,2661.14 1 0
github.com/tsh96/gqltest/example/graph/generated/generated.go:2664.2,2667.13 4 0
github.com/tsh96/gqltest/example/graph/generated/generated.go:2670.2,2670.19 1 0
github.com/tsh96/gqltest/example/graph/generated/generated.go:2696.2,2697.12 2 0
github.com/tsh96/gqltest/example/graph/generated/generated.go:2661.14,2663.3 1 0
github.com/tsh96/gqltest/example/graph/generated/generated.go:2667.13,2669.3 1 0
github.com/tsh96/gqltest/example/graph/generated/generated.go:2670.19,2677.20 4 0
github.com/tsh96/gqltest/example/graph/generated/generated.go:2689.3,2689.13 1 0
github.com/tsh96/gqltest/example/graph/generated/generated.go:2677.20,2678.17 1 0
github.com/tsh96/gqltest/example/graph/generated/generated.go:2684.4,2684.15 1 0
github.com/tsh96/gqltest/example/graph/generated/generated.go:2687.4,2687.125 1 0
github.com/tsh96/gqltest/example/graph/generated/generated.go:2678.17,2679.33 1 0
github.com/tsh96/gqltest/example/graph/generated/generated.go:2679.33,2682.6 2 0
github.com/tsh96/gqltest/example/graph/generated/generated.go:2684.15,2686.5 1 0
github.com/tsh96/gqltest/example/graph/generated/generated.go:2689.13,2691.4 1 0
github.com/tsh96/gqltest/example/graph/generated/generated.go:2691.9,2693.4 1 0
github.com/tsh96/gqltest/example/graph/generated/generated.go:2700.204,2701.14 1 0
github.com/tsh96/gqltest/example/graph/generated/generated.go:2704.2,2704.34 1 0
github.com/tsh96/gqltest/example/graph/generated/generated.go:2701.14,2703.3 1 0
github.com/tsh96/gqltest/example/graph/generated/generated.go:2707.202,2708.14 1 0
github.com/tsh96/gqltest/example/graph/generated/generated.go:2711.2,2714.13 4 0
github.com/tsh96/gqltest/example/graph/generated/generated.go:2717.2,2717.19 1 0
github.com/tsh96/gqltest/example/graph/generated/generated.go:2743.2,2744.12 2 0
github.com/tsh96/gqltest/example/graph/generated/generated.go:2708.14,2710.3 1 0
github.com/tsh96/gqltest/example/graph/generated/generated.go:2714.13,2716.3 1 0
github.com/tsh96/gqltest/example/graph/generated/generated.go:2717.19,2724.20 4 0
github.com/tsh96/gqltest/example/graph/generated/generated.go:2736.3,2736.13 1 0
github.com/tsh96/gqltest/example/graph/generated/generated.go:2724.20,2725.17 1 0
github.com/tsh96/gqltest/example/graph/generated/generated.go:2731.4,2731.15 1 0
github.com/tsh96/gqltest/example/graph/generated/generated.go:2734.4,2734.113 1 0
github.com/tsh96/gqltest/example/graph/generated/generated.go:2725.17,2726.33 1 0
github.com/tsh96/gqltest/example/graph/generated/generated.go:2726.33,2729.6 2 0
github.com/tsh96/gqltest/example/graph/generated/generated.go:2731.15,2733.5 1 0
github.com/tsh96/gqltest/example/graph/generated/generated.go:2736.13,2738.4 1 0
github.com/tsh96/gqltest/example/graph/generated/generated.go:2738.9,2740.4 1 0
github.com/tsh96/gqltest/example/graph/generated/generated.go:2747.198,2748.14 1 0
github.com/tsh96/gqltest/example/graph/generated/generated.go:2751.2,2751.32 1 0
github.com/tsh96/gqltest/example/graph/generated/generated.go:2748.14,2750.3 1 0
